[2018-06-09 13:07:49] request.INFO: Matched route "api_translation_value_edit". {"route_parameters":{"_controller":"prestashop.core.api.translation.controller:translationEditAction","_route":"api_translation_value_edit"},"request_uri":"http://ralucart.vicsoft.net/admin576z4owit/index.php/api/translation/edit?_token=G1mTR-p_dKB-ymkngWqgR-19_maDTyn_-P5WFcNx-jI"} []
[2018-06-09 13:07:49] security.DEBUG: Read existing security token from the session. {"key":"_security_main"} []
[2018-06-09 13:07:49] security.DEBUG: User was reloaded from a user provider. {"username":"vicsoft01@gmail.com","provider":"PrestaShopBundle\\Security\\Admin\\EmployeeProvider"} []
[2018-06-09 13:07:49] app.ERROR: You must specify as many arguments (%d, %s ...) as the original string. [] []
[2018-06-09 13:07:49] security.DEBUG: Stored the security token in the session. {"key":"_security_main"} []
[2018-06-09 13:27:02] request.INFO: Matched route "api_translation_value_edit". {"route_parameters":{"_controller":"prestashop.core.api.translation.controller:translationEditAction","_route":"api_translation_value_edit"},"request_uri":"http://ralucart.vicsoft.net/admin576z4owit/index.php/api/translation/edit?_token=G1mTR-p_dKB-ymkngWqgR-19_maDTyn_-P5WFcNx-jI"} []
[2018-06-09 13:27:02] security.DEBUG: Read existing security token from the session. {"key":"_security_main"} []
[2018-06-09 13:27:02] security.DEBUG: User was reloaded from a user provider. {"username":"vicsoft01@gmail.com","provider":"PrestaShopBundle\\Security\\Admin\\EmployeeProvider"} []
[2018-06-09 13:27:02] app.ERROR: You must specify as many arguments (%d, %s ...) as the original string. [] []
[2018-06-09 13:27:02] security.DEBUG: Stored the security token in the session. {"key":"_security_main"} []
[2018-06-11 07:23:15] request.INFO: Matched route "admin_product_form". {"route_parameters":{"_controller":"PrestaShopBundle\\Controller\\Admin\\ProductController::formAction","_legacy_controller":"AdminProducts","_legacy_param_mapper_class":"PrestaShop\\PrestaShop\\Adapter\\Product\\AdminProductDataProvider","_legacy_param_mapper_method":"mapLegacyParametersProductForm","id":"83","_route":"admin_product_form"},"request_uri":"https://www.regalonatural.com/admin576z4owit/index.php/product/form/83?_token=711V1FSJFsfvHtkZ9uK5cb-J0n2DiTjudG62XO5UL-M"} []
[2018-06-11 07:23:15] security.DEBUG: Read existing security token from the session. {"key":"_security_main"} []
[2018-06-11 07:23:15] security.DEBUG: User was reloaded from a user provider. {"username":"vicsoft01@gmail.com","provider":"PrestaShopBundle\\Security\\Admin\\EmployeeProvider"} []
[2018-06-11 07:23:21] app.ERROR: Data from PrestaShop Addons is invalid, and cannot fallback on cache.  {"exception":"cURL error 28: Operation timed out after 5001 milliseconds with 0 bytes received"} []
[2018-06-11 07:23:21] security.DEBUG: Stored the security token in the session. {"key":"_security_main"} []
[2018-06-12 23:35:28] request.INFO: Matched route "admin_product_form". {"route_parameters":{"_controller":"PrestaShopBundle\\Controller\\Admin\\ProductController::formAction","_legacy_controller":"AdminProducts","_legacy_param_mapper_class":"PrestaShop\\PrestaShop\\Adapter\\Product\\AdminProductDataProvider","_legacy_param_mapper_method":"mapLegacyParametersProductForm","id":"77","_route":"admin_product_form"},"request_uri":"https://www.regalonatural.com/admin576z4owit/index.php/product/form/77?_token=IuWSvYRQtWDCa1q__AKl9Vw1LDxhaMgs4c_auTbA82Y"} []
[2018-06-12 23:35:28] security.INFO: Populated the TokenStorage with an anonymous Token. [] []
[2018-06-12 23:35:35] app.ERROR: Module & services categories could not be loaded from marketplace API [] []
[2018-06-12 23:35:37] security.DEBUG: Stored the security token in the session. {"key":"_security_main"} []
[2018-09-21 19:19:00] request.INFO: Matched route "api_translation_value_edit". {"route_parameters":{"_controller":"prestashop.core.api.translation.controller:translationEditAction","_route":"api_translation_value_edit"},"request_uri":"https://www.regalonatural.com/admin576z4owit/index.php/api/translation/edit?_token=ULOlUlguiVEJkoGaTHYJZVYpoxpUVpZg_24FAF3ZFZ0"} []
[2018-09-21 19:19:00] security.DEBUG: Read existing security token from the session. {"key":"_security_main"} []
[2018-09-21 19:19:00] security.DEBUG: User was reloaded from a user provider. {"username":"vicsoft01@gmail.com","provider":"PrestaShopBundle\\Security\\Admin\\EmployeeProvider"} []
[2018-09-21 19:19:00] app.ERROR: You must specify as many arguments (%d, %s ...) as the original string. [] []
[2018-09-21 19:19:00] security.DEBUG: Stored the security token in the session. {"key":"_security_main"} []
[2018-09-21 19:21:07] request.INFO: Matched route "api_translation_value_edit". {"route_parameters":{"_controller":"prestashop.core.api.translation.controller:translationEditAction","_route":"api_translation_value_edit"},"request_uri":"https://www.regalonatural.com/admin576z4owit/index.php/api/translation/edit?_token=ULOlUlguiVEJkoGaTHYJZVYpoxpUVpZg_24FAF3ZFZ0"} []
[2018-09-21 19:21:07] security.DEBUG: Read existing security token from the session. {"key":"_security_main"} []
[2018-09-21 19:21:07] security.DEBUG: User was reloaded from a user provider. {"username":"vicsoft01@gmail.com","provider":"PrestaShopBundle\\Security\\Admin\\EmployeeProvider"} []
[2018-09-21 19:21:07] app.ERROR: You must specify as many arguments (%d, %s ...) as the original string. [] []
[2018-09-21 19:21:07] security.DEBUG: Stored the security token in the session. {"key":"_security_main"} []
[2018-09-21 19:25:48] request.INFO: Matched route "api_translation_value_edit". {"route_parameters":{"_controller":"prestashop.core.api.translation.controller:translationEditAction","_route":"api_translation_value_edit"},"request_uri":"https://www.regalonatural.com/admin576z4owit/index.php/api/translation/edit?_token=ULOlUlguiVEJkoGaTHYJZVYpoxpUVpZg_24FAF3ZFZ0"} []
[2018-09-21 19:25:48] security.DEBUG: Read existing security token from the session. {"key":"_security_main"} []
[2018-09-21 19:25:48] security.DEBUG: User was reloaded from a user provider. {"username":"vicsoft01@gmail.com","provider":"PrestaShopBundle\\Security\\Admin\\EmployeeProvider"} []
[2018-09-21 19:25:48] app.ERROR: You must specify as many arguments (%d, %s ...) as the original string. [] []
[2018-09-21 19:25:48] security.DEBUG: Stored the security token in the session. {"key":"_security_main"} []
